[    0.000000] Initializing cgroup subsys cpuset
[    0.000000] Initializing cgroup subsys cpu
[    0.000000] Initializing cgroup subsys cpuacct
[    0.000000] Linux version 4.4.0-210-generic (buildd@lgw01-amd64-009) (gcc version 5.4.0 20160609 (Ubuntu 5.4.0-6ubuntu1~16.04.12) ) #242-Ubuntu SMP Fri Apr 16 09:57:56 UTC 2021 (Ubuntu 4.4.0-210.242-generic 4.4.262)
[    0.000000] Command line: BOOT_IMAGE=/boot/vmlinuz-4.4.0-210-generic root=LABEL=cloudimg-rootfs ro console=tty1 console=ttyS0
[    0.000000] KERNEL supported cpus:
[    0.000000]   Intel GenuineIntel
[    0.000000]   AMD AuthenticAMD
[    0.000000]   Centaur CentaurHauls
[    0.000000] x86/fpu: xstate_offset[2]:  576, xstate_sizes[2]:  256
[    0.000000] x86/fpu: Supporting XSAVE feature 0x01: 'x87 floating point registers'
[    0.000000] x86/fpu: Supporting XSAVE feature 0x02: 'SSE registers'
[    0.000000] x86/fpu: Supporting XSAVE feature 0x04: 'AVX registers'
[    0.000000] x86/fpu: Enabled xstate features 0x7, context size is 832 bytes, using 'standard' format.
[    0.000000] e820: BIOS-provided physical RAM map:
[    0.000000] BIOS-e820: [mem 0x0000000000000000-0x000000000009fbff] usable
[    0.000000] BIOS-e820: [mem 0x000000000009fc00-0x000000000009ffff] reserved
[    0.000000] BIOS-e820: [mem 0x00000000000f0000-0x00000000000fffff] reserved
[    0.000000] BIOS-e820: [mem 0x0000000000100000-0x000000003ffeffff] usable
[    0.000000] BIOS-e820: [mem 0x000000003fff0000-0x000000003fffffff] ACPI data
[    0.000000] BIOS-e820: [mem 0x00000000fec00000-0x00000000fec00fff] reserved
[    0.000000] BIOS-e820: [mem 0x00000000fee00000-0x00000000fee00fff] reserved
[    0.000000] BIOS-e820: [mem 0x00000000fffc0000-0x00000000ffffffff] reserved
[    0.000000] NX (Execute Disable) protection: active
[    0.000000] SMBIOS 2.5 present.
[    0.000000] Hypervisor detected: KVM
[    0.000000] e820: last_pfn = 0x3fff0 max_arch_pfn = 0x400000000
[    0.000000] MTRR: Disabled
[    0.000000] x86/PAT: MTRRs disabled, skipping PAT initialization too.
[    0.000000] CPU MTRRs all blank - virtualized system.
[    0.000000] x86/PAT: Configuration [0-7]: WB  WT  UC- UC  WB  WT  UC- UC  
[    0.000000] found SMP MP-table at [mem 0x0009fff0-0x0009ffff] mapped at [ffff88000009fff0]
[    0.000000] Scanning 1 areas for low memory corruption
[    0.000000] RAMDISK: [mem 0x362dc000-0x37165fff]
[    0.000000] ACPI: Early table checksum verification disabled
[    0.000000] ACPI: RSDP 0x00000000000E0000 000024 (v02 VBOX  )
[    0.000000] ACPI: XSDT 0x000000003FFF0030 00003C (v01 VBOX   VBOXXSDT 00000001 ASL  00000061)
[    0.000000] ACPI: FACP 0x000000003FFF00F0 0000F4 (v04 VBOX   VBOXFACP 00000001 ASL  00000061)
[    0.000000] ACPI: DSDT 0x000000003FFF0610 002353 (v02 VBOX   VBOXBIOS 00000002 INTL 20100528)
[    0.000000] ACPI: FACS 0x000000003FFF0200 000040
[    0.000000] ACPI: FACS 0x000000003FFF0200 000040
[    0.000000] ACPI: APIC 0x000000003FFF0240 00005C (v02 VBOX   VBOXAPIC 00000001 ASL  00000061)
[    0.000000] ACPI: SSDT 0x000000003FFF02A0 00036C (v01 VBOX   VBOXCPUT 00000002 INTL 20100528)
[    0.000000] No NUMA configuration found
[    0.000000] Faking a node at [mem 0x0000000000000000-0x000000003ffeffff]
[    0.000000] NODE_DATA(0) allocated [mem 0x3ffeb000-0x3ffeffff]
[    0.000000] kvm-clock: Using msrs 4b564d01 and 4b564d00
[    0.000000] kvm-clock: cpu 0, msr 0:3ffe3001, primary cpu clock
[    0.000000] kvm-clock: using sched offset of 3788463316 cycles
[    0.000000] clocksource: kvm-clock: mask: 0xffffffffffffffff max_cycles: 0x1cd42e4dffb, max_idle_ns: 881590591483 ns
[    0.000000] Zone ranges:
[    0.000000]   DMA      [mem 0x0000000000001000-0x0000000000ffffff]
[    0.000000]   DMA32    [mem 0x0000000001000000-0x000000003ffeffff]
[    0.000000]   Normal   empty
[    0.000000]   Device   empty
[    0.000000] Movable zone start for each node
[    0.000000] Early memory node ranges
[    0.000000]   node   0: [mem 0x0000000000001000-0x000000000009efff]
[    0.000000]   node   0: [mem 0x0000000000100000-0x000000003ffeffff]
[    0.000000] Initmem setup node 0 [mem 0x0000000000001000-0x000000003ffeffff]
[    0.000000] ACPI: PM-Timer IO Port: 0x4008
[    0.000000] IOAPIC[0]: apic_id 2, version 32, address 0xfec00000, GSI 0-23
[    0.000000] ACPI: INT_SRC_OVR (bus 0 bus_irq 0 global_irq 2 dfl dfl)
[    0.000000] ACPI: INT_SRC_OVR (bus 0 bus_irq 9 global_irq 9 low level)
[    0.000000] Using ACPI (MADT) for SMP configuration information
[    0.000000] smpboot: Allowing 2 CPUs, 0 hotplug CPUs
[    0.000000] PM: Registered nosave memory: [mem 0x00000000-0x00000fff]
[    0.000000] PM: Registered nosave memory: [mem 0x0009f000-0x0009ffff]
[    0.000000] PM: Registered nosave memory: [mem 0x000a0000-0x000effff]
[    0.000000] PM: Registered nosave memory: [mem 0x000f0000-0x000fffff]
[    0.000000] e820: [mem 0x40000000-0xfebfffff] available for PCI devices
[    0.000000] Booting paravirtualized kernel on KVM
[    0.000000] clocksource: refined-jiffies: mask: 0xffffffff max_cycles: 0xffffffff, max_idle_ns: 7645519600211568 ns
[    0.000000] setup_percpu: NR_CPUS:512 nr_cpumask_bits:512 nr_cpu_ids:2 nr_node_ids:1
[    0.000000] PERCPU: Embedded 33 pages/cpu @ffff88003fc00000 s95192 r8192 d31784 u1048576
[    0.000000] Built 1 zonelists in Node order, mobility grouping on.  Total pages: 257912
[    0.000000] Policy zone: DMA32
[    0.000000] Kernel command line: BOOT_IMAGE=/boot/vmlinuz-4.4.0-210-generic root=LABEL=cloudimg-rootfs ro console=tty1 console=ttyS0
[    0.000000] PID hash table entries: 4096 (order: 3, 32768 bytes)
[    0.000000] Memory: 997792K/1048120K available (8644K kernel code, 1332K rwdata, 4044K rodata, 1492K init, 1164K bss, 50328K reserved, 0K cma-reserved)
[    0.000000] SLUB: HWalign=64, Order=0-3, MinObjects=0, CPUs=2, Nodes=1
[    0.000000] Kernel/User page tables isolation: enabled
[    0.000000] Hierarchical RCU implementation.
[    0.000000] 	Build-time adjustment of leaf fanout to 64.
[    0.000000] 	RCU restricting CPUs from NR_CPUS=512 to nr_cpu_ids=2.
[    0.000000] RCU: Adjusting geometry for rcu_fanout_leaf=64, nr_cpu_ids=2
[    0.000000] NR_IRQS:33024 nr_irqs:440 16
[    0.000000] Console: colour VGA+ 80x25
[    0.000000] console [tty1] enabled
[    0.000000] console [ttyS0] enabled
[    0.000000] tsc: Detected 1992.002 MHz processor
[    0.215437] Calibrating delay loop (skipped) preset value.. 3984.00 BogoMIPS (lpj=7968008)
[    0.217978] pid_max: default: 32768 minimum: 301
[    0.219140] ACPI: Core revision 20150930
[    0.222313] ACPI: 2 ACPI AML tables successfully acquired and loaded
[    0.224828] Security Framework initialized
[    0.226071] Yama: becoming mindful.
[    0.227255] AppArmor: AppArmor initialized
[    0.228620] Dentry cache hash table entries: 131072 (order: 8, 1048576 bytes)
[    0.235740] Inode-cache hash table entries: 65536 (order: 7, 524288 bytes)
[    0.237412] Mount-cache hash table entries: 2048 (order: 2, 16384 bytes)
[    0.238836] Mountpoint-cache hash table entries: 2048 (order: 2, 16384 bytes)
[    0.240687] Initializing cgroup subsys io
[    0.241691] Initializing cgroup subsys memory
[    0.242735] Initializing cgroup subsys devices
[    0.244172] Initializing cgroup subsys freezer
[    0.245725] Initializing cgroup subsys net_cls
[    0.246824] Initializing cgroup subsys perf_event
[    0.247986] Initializing cgroup subsys net_prio
[    0.249118] Initializing cgroup subsys hugetlb
[    0.251356] Initializing cgroup subsys pids
[    0.275912] mce: CPU supports 0 MCE banks
[    0.277022] Last level iTLB entries: 4KB 64, 2MB 8, 4MB 8
[    0.278279] Last level dTLB entries: 4KB 64, 2MB 0, 4MB 0, 1GB 4
[    0.279803] Spectre V1 : Mitigation: usercopy/swapgs barriers and __user pointer sanitization
[    0.283262] Spectre V2 : Mitigation: Full generic retpoline
[    0.285977] Spectre V2 : Spectre v2 / SpectreRSB mitigation: Filling RSB on context switch
[    0.289083] Speculative Store Bypass: Vulnerable
[    0.290240] SRBDS: Unknown: Dependent on hypervisor status
[    0.291705] MDS: Mitigation: Clear CPU buffers
[    0.296923] Freeing SMP alternatives memory: 36K
[    0.306645] ftrace: allocating 32380 entries in 127 pages
[    0.402289] smpboot: APIC(0) Converting physical 0 to logical package 0
[    0.404157] smpboot: Max logical packages: 1
[    0.406021] x2apic enabled
[    0.407085] Switched APIC routing to physical x2apic.
[    0.411896] ..TIMER: vector=0x30 apic1=0 pin1=2 apic2=-1 pin2=-1
[    0.521878] smpboot: CPU0: Intel(R) Core(TM) i7-8550U CPU @ 1.80GHz (family: 0x6, model: 0x8e, stepping: 0xa)
[    0.524633] Performance Events: unsupported p6 CPU model 142 no PMU driver, software events only.
[    0.542469] KVM setup paravirtual spinlock
[    0.545510] x86: Booting SMP configuration:
[    0.547020] .... node  #0, CPUs:      #1
[    0.548953] kvm-clock: cpu 1, msr 0:3ffe3041, secondary cpu clock
[    0.574796] mce: CPU supports 0 MCE banks
[    0.577593] x86: Booted up 1 node, 2 CPUs
[    0.579442] smpboot: Total of 2 processors activated (7968.00 BogoMIPS)
[    0.581667] devtmpfs: initialized
[    0.585032] evm: security.selinux
[    0.586342] evm: security.SMACK64
[    0.587509] evm: security.SMACK64EXEC
[    0.588699] evm: security.SMACK64TRANSMUTE
[    0.589978] evm: security.SMACK64MMAP
[    0.591135] evm: security.ima
[    0.592097] evm: security.capability
[    0.593525] clocksource: jiffies: mask: 0xffffffff max_cycles: 0xffffffff, max_idle_ns: 7645041785100000 ns
[    0.595918] futex hash table entries: 512 (order: 3, 32768 bytes)
[    0.597599] pinctrl core: initialized pinctrl subsystem
[    0.599078] RTC time: 10:26:55, date: 03/20/23
[    0.601882] NET: Registered protocol family 16
[    0.613230] cpuidle: using governor ladder
[    0.630814] cpuidle: using governor menu
[    0.632323] PCCT header not found.
[    0.633986] ACPI: bus type PCI registered
[    0.635568] acpiphp: ACPI Hot Plug PCI Controller Driver version: 0.5
[    0.637973] PCI: Using configuration type 1 for base access
[    0.655717] ACPI: Added _OSI(Module Device)
[    0.658371] ACPI: Added _OSI(Processor Device)
[    0.659816] ACPI: Added _OSI(3.0 _SCP Extensions)
[    0.661261] ACPI: Added _OSI(Processor Aggregator Device)
[    0.664584] ACPI: Executed 1 blocks of module-level executable AML code
[    0.670182] ACPI: Interpreter enabled
[    0.671253] ACPI: (supports S0 S5)
[    0.672621] ACPI: Using IOAPIC for interrupt routing
[    0.675489] PCI: Using host bridge windows from ACPI; if necessary, use "pci=nocrs" and report a bug
[    0.684588] ACPI: PCI Root Bridge [PCI0] (domain 0000 [bus 00-ff])
[    0.687149] acpi PNP0A03:00: _OSC: OS supports [ASPM ClockPM Segments MSI]
[    0.689520] acpi PNP0A03:00: _OSC: not requesting OS control; OS requires [ExtendedConfig ASPM ClockPM MSI]
[    0.691816] acpi PNP0A03:00: fail to add MMCONFIG information, can't access extended PCI configuration space under this bridge.
[    0.695755] PCI host bridge to bus 0000:00
[    0.696950] pci_bus 0000:00: root bus resource [io  0x0000-0x0cf7 window]
[    0.698712] pci_bus 0000:00: root bus resource [io  0x0d00-0xffff window]
[    0.701266] pci_bus 0000:00: root bus resource [mem 0x000a0000-0x000bffff window]
[    0.704233] pci_bus 0000:00: root bus resource [mem 0x40000000-0xfdffffff window]
[    0.707217] pci_bus 0000:00: root bus resource [bus 00-ff]
[    0.711482] pci 0000:00:01.1: legacy IDE quirk: reg 0x10: [io  0x01f0-0x01f7]
[    0.713105] pci 0000:00:01.1: legacy IDE quirk: reg 0x14: [io  0x03f6]
[    0.714598] pci 0000:00:01.1: legacy IDE quirk: reg 0x18: [io  0x0170-0x0177]
[    0.729344] pci 0000:00:01.1: legacy IDE quirk: reg 0x1c: [io  0x0376]
[    0.751434] pci 0000:00:07.0: quirk: [io  0x4000-0x403f] claimed by PIIX4 ACPI
[    0.753823] pci 0000:00:07.0: quirk: [io  0x4100-0x410f] claimed by PIIX4 SMB
[    0.763814] ACPI: PCI Interrupt Link [LNKA] (IRQs 5 9 10 *11)
[    0.766547] ACPI: PCI Interrupt Link [LNKB] (IRQs 5 9 *10 11)
[    0.770109] ACPI: PCI Interrupt Link [LNKC] (IRQs 5 *9 10 11)
[    0.773231] ACPI: PCI Interrupt Link [LNKD] (IRQs 5 9 10 *11)
[    0.775761] ACPI: Enabled 2 GPEs in block 00 to 07
[    0.778336] vgaarb: setting as boot device: PCI:0000:00:02.0
[    0.780399] vgaarb: device added: PCI:0000:00:02.0,decodes=io+mem,owns=io+mem,locks=none
[    0.785156] vgaarb: loaded
[    0.786890] vgaarb: bridge control possible 0000:00:02.0
[    0.789320] SCSI subsystem initialized
[    0.790916] ACPI: bus type USB registered
[    0.792425] usbcore: registered new interface driver usbfs
[    0.793963] usbcore: registered new interface driver hub
[    0.795233] usbcore: registered new device driver usb
[    0.801527] PCI: Using ACPI for IRQ routing
[    0.803700] NetLabel: Initializing
[    0.804733] NetLabel:  domain hash size = 128
[    0.806353] NetLabel:  protocols = UNLABELED CIPSOv4
[    0.807592] NetLabel:  unlabeled traffic allowed by default
[    0.809175] amd_nb: Cannot enumerate AMD northbridges
[    0.810520] clocksource: Switched to clocksource kvm-clock
[    0.825105] AppArmor: AppArmor Filesystem Enabled
[    0.826462] pnp: PnP ACPI init
[    0.829245] pnp: PnP ACPI: found 3 devices
[    0.850122] clocksource: acpi_pm: mask: 0xffffff max_cycles: 0xffffff, max_idle_ns: 2085701024 ns
[    0.852576] NET: Registered protocol family 2
[    0.854242] TCP established hash table entries: 8192 (order: 4, 65536 bytes)
[    0.856681] TCP bind hash table entries: 8192 (order: 5, 131072 bytes)
[    0.859433] TCP: Hash tables configured (established 8192 bind 8192)
[    0.862029] UDP hash table entries: 512 (order: 2, 16384 bytes)
[    0.864275] UDP-Lite hash table entries: 512 (order: 2, 16384 bytes)
[    0.866899] NET: Registered protocol family 1
[    0.868848] pci 0000:00:00.0: Limiting direct PCI/PCI transfers
[    0.870959] pci 0000:00:01.0: Activating ISA DMA hang workarounds
[    0.873209] Unpacking initramfs...
[    1.252862] Freeing initrd memory: 14888K
[    1.254475] clocksource: tsc: mask: 0xffffffffffffffff max_cycles: 0x396d566cf43, max_idle_ns: 881590760263 ns
[    1.258604] platform rtc_cmos: registered platform RTC device (no PNP device found)
[    1.260397] Scanning for low memory corruption every 60 seconds
[    1.262156] audit: initializing netlink subsys (disabled)
[    1.263670] audit: type=2000 audit(1679308020.905:1): initialized
[    1.265625] Initialise system trusted keyring
[    1.267410] HugeTLB registered 2 MB page size, pre-allocated 0 pages
[    1.270427] zbud: loaded
[    1.271732] VFS: Disk quotas dquot_6.6.0
[    1.273322] VFS: Dquot-cache hash table entries: 512 (order 0, 4096 bytes)
[    1.275423] squashfs: version 4.0 (2009/01/31) Phillip Lougher
[    1.277358] fuse init (API version 7.23)
[    1.278537] Key type big_key registered
[    1.279577] Allocating IMA MOK and blacklist keyrings.
[    1.282071] Key type asymmetric registered
[    1.283876] Asymmetric key parser 'x509' registered
[    1.285850] Block layer SCSI generic (bsg) driver version 0.4 loaded (major 249)
[    1.288439] io scheduler noop registered
[    1.289629] io scheduler deadline registered (default)
[    1.291012] io scheduler cfq registered
[    1.292671] pci_hotplug: PCI Hot Plug PCI Core version: 0.5
[    1.294730] pciehp: PCI Express Hot Plug Controller Driver version: 0.4
[    1.297251] ACPI: AC Adapter [AC] (off-line)
[    1.298598] input: Power Button as /devices/LNXSYSTM:00/LNXPWRBN:00/input/input0
[    1.302734] ACPI: Power Button [PWRF]
[    1.304336] input: Sleep Button as /devices/LNXSYSTM:00/LNXSLPBN:00/input/input1
[    1.306332] ACPI: Sleep Button [SLPF]
[    1.308947] ACPI: Battery Slot [BAT0] (battery present)
[    1.310679] GHES: HEST is not enabled!
[    1.311868] Serial: 8250/16550 driver, 32 ports, IRQ sharing enabled
[    1.334444] 00:02: ttyS0 at I/O 0x3f8 (irq = 4, base_baud = 115200) is a 16550A
[    1.339253] Linux agpgart interface v0.103
[    1.343252] loop: module loaded
[    1.344753] scsi host0: ata_piix
[    1.346634] scsi host1: ata_piix
[    1.347716] ata1: PATA max UDMA/33 cmd 0x1f0 ctl 0x3f6 bmdma 0xd000 irq 14
[    1.349759] ata2: PATA max UDMA/33 cmd 0x170 ctl 0x376 bmdma 0xd008 irq 15
[    1.352731] libphy: Fixed MDIO Bus: probed
[    1.353950] tun: Universal TUN/TAP device driver, 1.6
[    1.355196] tun: (C) 1999-2004 Max Krasnyansky <maxk@qualcomm.com>
[    1.356666] PPP generic driver version 2.4.2
[    1.357798] ehci_hcd: USB 2.0 'Enhanced' Host Controller (EHCI) Driver
[    1.360523] ehci-pci: EHCI PCI platform driver
[    1.362362] ehci-platform: EHCI generic platform driver
[    1.363755] ohci_hcd: USB 1.1 'Open' Host Controller (OHCI) Driver
[    1.365067] ohci-pci: OHCI PCI platform driver
[    1.366396] ohci-platform: OHCI generic platform driver
[    1.369109] uhci_hcd: USB Universal Host Controller Interface driver
[    1.370881] i8042: PNP: PS/2 Controller [PNP0303:PS2K,PNP0f03:PS2M] at 0x60,0x64 irq 1,12
[    1.374997] serio: i8042 KBD port at 0x60,0x64 irq 1
[    1.377010] serio: i8042 AUX port at 0x60,0x64 irq 12
[    1.379659] mousedev: PS/2 mouse device common for all mice
[    1.383496] input: AT Translated Set 2 keyboard as /devices/platform/i8042/serio0/input/input2
[    1.387771] rtc_cmos rtc_cmos: rtc core: registered rtc_cmos as rtc0
[    1.389595] rtc_cmos rtc_cmos: alarms up to one day, 114 bytes nvram
[    1.391556] i2c /dev entries driver
[    1.392991] device-mapper: uevent: version 1.0.3
[    1.394285] device-mapper: ioctl: 4.34.0-ioctl (2015-10-28) initialised: dm-devel@redhat.com
[    1.397053] ledtrig-cpu: registered to indicate activity on CPUs
[    1.398906] NET: Registered protocol family 10
[    1.401238] NET: Registered protocol family 17
[    1.402736] Key type dns_resolver registered
[    1.404829] registered taskstats version 1
[    1.406095] Loading compiled-in X.509 certificates
[    1.408368] Loaded X.509 cert 'Build time autogenerated kernel key: cf00e047681d67edb2720680708b7d9498083038'
[    1.411128] zswap: loaded using pool lzo/zbud
[    1.415678] Key type trusted registered
[    1.422194] Key type encrypted registered
[    1.424270] AppArmor: AppArmor sha1 policy hashing enabled
[    1.426033] ima: No TPM chip found, activating TPM-bypass!
[    1.427592] ima: Allocated hash algorithm: sha1
[    1.428859] evm: HMAC attrs: 0x1
[    1.430150]   Magic number: 15:916:426
[    1.431311] rtc_cmos rtc_cmos: setting system clock to 2023-03-20 10:26:56 UTC (1679308016)
[    1.434055] BIOS EDD facility v0.16 2004-Jun-25, 0 devices found
[    1.435980] EDD information not available.
[    2.134941] Freeing unused kernel memory: 1492K
[    2.137127] Write protecting the kernel read-only data: 14336k
[    2.140360] Freeing unused kernel memory: 1584K
[    2.142908] Freeing unused kernel memory: 52K
Loading, please wait...
starting version 229
[    2.172546] random: systemd-udevd: uninitialized urandom read (16 bytes read, 3 bits of entropy available)
[    2.173948] random: udevadm: uninitialized urandom read (16 bytes read, 3 bits of entropy available)
[    2.174015] random: udevadm: uninitialized urandom read (16 bytes read, 3 bits of entropy available)
[    2.187706] random: systemd-udevd: uninitialized urandom read (16 bytes read, 3 bits of entropy available)
[    2.193146] random: systemd-udevd: uninitialized urandom read (16 bytes read, 3 bits of entropy available)
[    2.194231] random: udevadm: uninitialized urandom read (16 bytes read, 3 bits of entropy available)
[    2.194337] random: udevadm: uninitialized urandom read (16 bytes read, 3 bits of entropy available)
[    2.194716] random: udevadm: uninitialized urandom read (16 bytes read, 3 bits of entropy available)
[    2.194877] random: udevadm: uninitialized urandom read (16 bytes read, 3 bits of entropy available)
[    2.195067] random: udevadm: uninitialized urandom read (16 bytes read, 3 bits of entropy available)
[    2.288839] e1000: Intel(R) PRO/1000 Network Driver - version 7.3.21-k8-NAPI
[    2.291032] e1000: Copyright (c) 1999-2006 Intel Corporation.
[    2.292850] Fusion MPT base driver 3.04.20
[    2.295267] Copyright (c) 1999-2008 LSI Corporation
[    2.309391] Fusion MPT SPI Host driver 3.04.20
[    2.347566] AVX2 version of gcm_enc/dec engaged.
[    2.349613] AES CTR mode by8 optimization enabled
[    2.504332] input: ImExPS/2 Generic Explorer Mouse as /devices/platform/i8042/serio1/input/input4
[    2.740902] e1000 0000:00:03.0 eth0: (PCI:33MHz:32-bit) 02:be:82:6b:cc:1d
[    2.742836] e1000 0000:00:03.0 eth0: Intel(R) PRO/1000 Network Connection
[    2.746684] e1000 0000:00:03.0 enp0s3: renamed from eth0
[    2.749459] mptbase: ioc0: Initiating bringup
[    2.819789] ioc0: LSI53C1030 A0: Capabilities={Initiator}
[    2.983093] scsi host2: ioc0: LSI53C1030 A0, FwRev=00000000h, Ports=1, MaxQ=256, IRQ=20
[    3.099999] scsi 2:0:0:0: Direct-Access     VBOX     HARDDISK         1.0  PQ: 0 ANSI: 5
[    3.103535] scsi target2:0:0: Beginning Domain Validation
[    3.108724] scsi target2:0:0: Domain Validation skipping write tests
[    3.110701] scsi target2:0:0: Ending Domain Validation
[    3.113349] scsi target2:0:0: asynchronous
[    3.116612] scsi 2:0:1:0: Direct-Access     VBOX     HARDDISK         1.0  PQ: 0 ANSI: 5
[    3.119431] scsi target2:0:1: Beginning Domain Validation
[    3.124311] scsi target2:0:1: Domain Validation skipping write tests
[    3.125767] scsi target2:0:1: Ending Domain Validation
[    3.139385] scsi target2:0:1: asynchronous
[    3.159090] sd 2:0:0:0: Attached scsi generic sg0 type 0
[    3.162279] sd 2:0:0:0: [sda] 83886080 512-byte logical blocks: (42.9 GB/40.0 GiB)
[    3.165172] sd 2:0:1:0: [sdb] 20480 512-byte logical blocks: (10.5 MB/10.0 MiB)
[    3.168817] sd 2:0:0:0: [sda] Write Protect is off
[    3.170485] sd 2:0:1:0: Attached scsi generic sg1 type 0
[    3.170722] sd 2:0:0:0: [sda] Incomplete mode parameter data
[    3.170724] sd 2:0:0:0: [sda] Assuming drive cache: write through
[    3.170842] sd 2:0:1:0: [sdb] Write Protect is off
[    3.171197] sd 2:0:1:0: [sdb] Incomplete mode parameter data
[    3.171199] sd 2:0:1:0: [sdb] Assuming drive cache: write through
[    3.173996]  sda: sda1
[    3.176939] sd 2:0:0:0: [sda] Attached SCSI disk
[    3.178098] sd 2:0:1:0: [sdb] Attached SCSI disk
Begin: Loading essential drivers ... [    4.698368] md: linear personality registered for level -1
[    4.704309] md: multipath personality registered for level -4
[    4.708953] md: raid0 personality registered for level 0
[    4.715315] md: raid1 personality registered for level 1
[    4.790584] raid6: sse2x1   gen()  6678 MB/s
[    4.858609] raid6: sse2x1   xor()  5347 MB/s
[    4.926555] raid6: sse2x2   gen()  8872 MB/s
[    4.994582] raid6: sse2x2   xor()  5419 MB/s
[    5.062626] raid6: sse2x4   gen()  8595 MB/s
[    5.130549] raid6: sse2x4   xor()  6539 MB/s
[    5.198634] raid6: avx2x1   gen() 12667 MB/s
[    5.266602] raid6: avx2x2   gen() 15149 MB/s
[    5.334560] raid6: avx2x4   gen() 17098 MB/s
[    5.335765] raid6: using algorithm avx2x4 gen() 17098 MB/s
[    5.337126] raid6: using avx2x2 recovery algorithm
[    5.340300] xor: automatically using best checksumming function:
[    5.379907]    avx       : 17103.000 MB/sec
[    5.383447] async_tx: api initialized (async)
[    5.397565] md: raid6 personality registered for level 6
[    5.399935] md: raid5 personality registered for level 5
[    5.401462] md: raid4 personality registered for level 4
[    5.411838] md: raid10 personality registered for level 10
done.
Begin: Running /scripts/init-premount ... done.
Begin: Mounting root file system ... Begin: Running /scripts/local-top ... done.
Begin: Running /scripts/local-premount ... [    5.458420] Btrfs loaded
Scanning for Btrfs filesystems
done.
Warning: fsck not present, so skipping root file system
[    5.527943] EXT4-fs (sda1): INFO: recovery required on readonly filesystem
[    5.529983] EXT4-fs (sda1): write access will be enabled during recovery
[    5.709856] EXT4-fs (sda1): recovery complete
[    5.711989] EXT4-fs (sda1): mounted filesystem with ordered data mode. Opts: (null)
done.
Begin: Running /scripts/local-bottom ... done.
Begin: Running /scripts/init-bottom ... done.
[    5.909389] systemd[1]: systemd 229 running in system mode. (+PAM +AUDIT +SELINUX +IMA +APPARMOR +SMACK +SYSVINIT +UTMP +LIBCRYPTSETUP +GCRYPT +GNUTLS +ACL +XZ -LZ4 +SECCOMP +BLKID +ELFUTILS +KMOD -IDN)
[    5.914971] systemd[1]: Detected virtualization oracle.
[    5.916680] systemd[1]: Detected architecture x86-64.

Welcome to [1mUbuntu 16.04.7 LTS[0m!

[    5.929280] systemd[1]: Set hostname to <ubuntu-xenial>.
[    6.215108] systemd[1]: Reached target Swap.
[[0;32m  OK  [0m] Reached target Swap.
[    6.220088] systemd[1]: Listening on LVM2 metadata daemon socket.
[[0;32m  OK  [0m] Listening on LVM2 metadata daemon socket.
[    6.223409] systemd[1]: Started Trigger resolvconf update for networkd DNS.
[[0;32m  OK  [0m] Started Trigger resolvconf update for networkd DNS.
[    6.226218] systemd[1]: Listening on Journal Socket.
[[0;32m  OK  [0m] Listening on Journal Socket.
[    6.253146] systemd[1]: Listening on Device-mapper event daemon FIFOs.
[[0;32m  OK  [0m] Listening on Device-mapper event daemon FIFOs.
[    7.102283] systemd[1]: Started Forward Password Requests to Wall Directory Watch.
[[0;32m  OK  [0m] Started Forward Password Requests to Wall Directory Watch.
[    7.106050] systemd[1]: Reached target Encrypted Volumes.
[[0;32m  OK  [0m] Reached target Encrypted Volumes.
[    7.108720] systemd[1]: Listening on udev Control Socket.
[[0;32m  OK  [0m] Listening on udev Control Socket.
[    7.112236] systemd[1]: Listening on udev Kernel Socket.
[[0;32m  OK  [0m] Listening on udev Kernel Socket.
[    7.115476] systemd[1]: Created slice System Slice.
[[0;32m  OK  [0m] Created slice System Slice.
[    7.118261] systemd[1]: Created slice system-serial\x2dgetty.slice.
[[0;32m  OK  [0m] Created slice system-serial\x2dgetty.slice.
[    7.134972] systemd[1]: Starting Create list of required static device nodes for the current kernel...
         Starting Create list of required st... nodes for the current kernel...
[    7.148582] systemd[1]: Starting Nameserver information manager...
         Starting Nameserver information manager...
[    7.153190] systemd[1]: Starting Uncomplicated firewall...
         Starting Uncomplicated firewall...
[    7.161890] systemd[1]: Starting Load Kernel Modules...
         Starting Load Kernel Modules...
[    7.168388] systemd[1]: Mounting POSIX Message Queue File System...
         Mounting POSIX Message Queue File System...
[    7.180735] systemd[1]: Starting Set console keymap...
[    7.183191] Loading iSCSI transport class v2.0-870.
         Starting Set console keymap...
[    7.187686] systemd[1]: Mounting Huge Pages File System...
         Mounting Huge Pages File System...
[    7.193081] systemd[1]: Listening on LVM2 poll daemon socket.
[[0;32m  OK  [0m] Listening on LVM2 poll daemon socket.
[    7.205859] systemd[1]: Reached target System Time Synchronized.
[[0;32m  OK  [0m] Reached target System Time Synchronized.
[    7.209735] iscsi: registered transport (tcp)
[    7.210121] systemd[1]: Created slice User and Session Slice.
[[0;32m  OK  [0m] Created slice User and Session Slice.
[    7.215969] systemd[1]: Reached target Slices.
[[0;32m  OK  [0m] Reached target Slices.
[    7.218978] systemd[1]: Listening on Syslog Socket.
[[0;32m  OK  [0m] Listening on Syslog Socket.
[    7.222458] systemd[1]: Reached target User and Group Name Lookups.
[[0;32m  OK  [0m] Reached target User and Group Name Lookups.
[    7.243320] systemd[1]: Starting Monitoring of LVM2 mirrors, snapshots etc. using dmeventd or progress polling...
         Starting Monitoring of LVM2 mirrors... dmeventd or progress polling...
[    7.255103] systemd[1]: Set up automount Arbitrary Executable File Formats File System Automount Point.
    7.258575] random: nonblocking pool is initialized
[[0;32m  OK  [0m] Set up automount Arbitrary Executab...ats File System Automount Point.
[    7.265402] systemd[1]: Mounting Debug File System...
         Mounting Debug File System...
[    7.271432] systemd[1]: Listening on Journal Audit Socket.
[[0;32m  OK  [0m] Listening on Journal Audit Socket.
[    7.283645] systemd[1]: Listening on /dev/initctl Compatibility Named Pipe.
[[0;32m  OK  [0m] Listening on /dev/initctl Compatibility Named Pipe.
[    7.295085] systemd[1]: Listening on fsck to fsckd communication Socket.
[[0;32m  OK  [0m] Listening on fsck to fsckd communication Socket.
[    7.301341] iscsi: registered transport (iser)
[    7.323061] systemd[1]: Starting File System Check on Root Device...
         Starting File System Check on Root Device...
[    7.326843] systemd[1]: Listening on Journal Socket (/dev/log).
[[0;32m  OK  [0m] Listening on Journal Socket (/dev/log).
[    7.340552] systemd[1]: Starting Journal Service...
         Starting Journal Service...
[    7.347007] systemd[1]: Mounted Huge Pages File System.
[[0;32m  OK  [0m] Mounted Huge Pages File System.
[    7.354914] systemd[1]: Mounted POSIX Message Queue File System.
[[0;32m  OK  [0m] Mounted POSIX Message Queue File System.
[    7.361360] systemd[1]: Mounted Debug File System.
[[0;32m  OK  [0m] Mounted Debug File System.
[    7.371401] systemd[1]: Started Create list of required static device nodes for the current kernel.
[[0;32m  OK  [0m] Started Create list of required sta...ce nodes for the current kernel.
[    7.396357] systemd[1]: Started Uncomplicated firewall.
[[0;32m  OK  [0m] Started Uncomplicated firewall.
[    7.408213] systemd[1]: Started Load Kernel Modules.
[[0;32m  OK  [0m] Started Load Kernel Modules.
[    7.412234] systemd[1]: Started Set console keymap.
[[0;32m  OK  [0m] Started Set console keymap.
[    7.419493] systemd[1]: Started File System Check on Root Device.
[[0;32m  OK  [0m] Started File System Check on Root Device.
[    7.443225] systemd[1]: Started Nameserver information manager.
[[0;32m  OK  [0m] Started Nameserver information manager.
[    7.451003] systemd[1]: Started Journal Service.
[[0;32m  OK  [0m] Started Journal Service.
[[0;32m  OK  [0m] Started LVM2 metadata daemon.
[[0;32m  OK  [0m] Started File System Check Daemon to report status.
         Starting Remount Root and Kernel File Systems...
[    7.487554] EXT4-fs (sda1): re-mounted. Opts: (null)
         Mounting FUSE Control File System...
         Starting Apply Kernel Variables...
         Starting Create Static Device Nodes in /dev...
[[0;32m  OK  [0m] Mounted FUSE Control File System.
[[0;32m  OK  [0m] Started Remount Root and Kernel File Systems.
[[0;32m  OK  [0m] Started Apply Kernel Variables.
         Starting Load/Save Random Seed...
         Starting Flush Journal to Persistent Storage...
         Starting udev Coldplug all Devices...
[[0;32m  OK  [0m] Started Create Static Device Nodes in /dev.
         Starting udev Kernel Device Manager...
[[0;32m  OK  [0m] Started Load/Save Random Seed.
[[0;32m  OK  [0m] Started Flush Journal to Persistent Storage.
[[0;32m  OK  [0m] Started udev Kernel Device Manager.
[[0;32m  OK  [0m] Started udev Coldplug all Devices.
[[0;32m  OK  [0m] Started Dispatch Password Requests to Console Directory Watch.
[[0;32m  OK  [0m] Started Monitoring of LVM2 mirrors,...ng dmeventd or progress polling.
[[0;32m  OK  [0m] Reached target Local File Systems (Pre).
[[0;32m  OK  [0m] Reached target Local File Systems.
         Starting Set console font and keymap...
         Starting Create Volatile Files and Directories...
         Starting Tell Plymouth To Write Out Runtime Data...
         Starting Initial cloud-init job (pre-networking)...
         Starting LSB: AppArmor initialization...
[[0;32m  OK  [0m] Found device /dev/ttyS0.
[[0;32m  OK  [0m] Started Tell Plymouth To Write Out Runtime Data.
[[0;32m  OK  [0m] Started Create Volatile Files and Directories.
         Starting Update UTMP about System Boot/Shutdown...
[[0;32m  OK  [0m] Started Update UTMP about System Boot/Shutdown.
[[0;32m  OK  [0m] Listening on Load/Save RF Kill Switch Status /dev/rfkill Watch.
[[0;32m  OK  [0m] Started LSB: AppArmor initialization.
         Starting Load AppArmor profiles managed internally by snapd...
[[0;32m  OK  [0m] Started Load AppArmor profiles managed internally by snapd.
[[0;32m  OK  [0m] Found device 82540EM Gigabit Ethern...r (PRO/1000 MT Desktop Adapter).
[    9.273410] cloud-init[516]: Cloud-init v. 21.1-19-gbad84ad4-0ubuntu1~16.04.2 running 'init-local' at Mon, 20 Mar 2023 10:27:04 +0000. Up 8.84 seconds.
[[0;32m  OK  [0m] Started Initial cloud-init job (pre-networking).
[[0;32m  OK  [0m] Reached target Network (Pre).
[[0;32m  OK  [0m] Started ifup for enp0s3.
         Starting Raise network interfaces...
[[0;32m  OK  [0m] Started Set console font and keymap.
[[0;32m  OK  [0m] Created slice system-getty.slice.
[[0;32m  OK  [0m] Started Raise network interfaces.
[[0;32m  OK  [0m] Reached target Network.
         Starting Initial cloud-init job (metadata service crawler)...
[   10.429754] cloud-init[979]: Cloud-init v. 21.1-19-gbad84ad4-0ubuntu1~16.04.2 running 'init' at Mon, 20 Mar 2023 10:27:05 +0000. Up 10.11 seconds.
[   10.436400] cloud-init[979]: ci-info: ++++++++++++++++++++++++++++++++++++++Net device info++++++++++++++++++++++++++++++++++++++
[   10.444450] cloud-init[979]: ci-info: +--------+------+----------------------------+---------------+--------+-------------------+
[   10.452603] cloud-init[979]: ci-info: | Device |  Up  |          Address           |      Mask     | Scope  |     Hw-Address    |
[   10.460416] cloud-init[979]: ci-info: +--------+------+----------------------------+---------------+--------+-------------------+
[   10.461883] cloud-init[979]: ci-info: | enp0s3 | True |         10.0.2.15          | 255.255.255.0 | global | 02:be:82:6b:cc:1d |
[   10.463331] cloud-init[979]: ci-info: | enp0s3 | True | fe80::be:82ff:fe6b:cc1d/64 |       .       |  link  | 02:be:82:6b:cc:1d |
[   10.472422] cloud-init[979]: ci-info: |   lo   | True |         127.0.0.1          |   255.0.0.0   |  host  |         .         |
[   10.480449] cloud-init[979]: ci-info: |   lo   | True |          ::1/128           |       .       |  host  |         .         |
[   10.489017] cloud-init[979]: ci-info: +--------+------+----------------------------+---------------+--------+-------------------+
[[0;32m  OK  [0m] Started Initial cloud-init job (metadata service crawler).
[   10.489257] cloud-init[979]: ci-info: +++++++++++++++++++++++++++Route IPv4 info++++++++++++++++++++++++++++
[   10.492264] cloud-init[979]: ci-info: +-------+-------------+----------+---------------+-----------+-------+
[   10.492554] cloud-init[979]: ci-info: | Route | Destination | Gateway  |    Genmask    | Interface | Flags |
[   10.492615] cloud-init[979]: ci-info: +-------+-------------+----------+---------------+-----------+-------+
[   10.492945] cloud-init[979]: ci-info: |   0   |   0.0.0.0   | 10.0.2.2 |    0.0.0.0    |   enp0s3  |   UG  |
[   10.493065] cloud-init[979]: ci-info: |   1   |   10.0.2.0  | 0.0.0.0  | 255.255.255.0 |   enp0s3  |   U   |
[   10.493598] cloud-init[979]: ci-info: +-------+-------------+----------+---------------+-----------+-------+
[   10.493821] cloud-init[979]: ci-info: +++++++++++++++++++Route IPv6 info+++++++++++++++++++
[   10.493938] cloud-init[979]: ci-info: +-------+-------------+---------+-----------+-------+
[   10.494069] cloud-init[979]: ci-info: | Route | Destination | Gateway | Interface | Flags |
[   10.494192] cloud-init[979]: ci-info: +-------+-------------+---------+-----------+-------+
[   10.494489] cloud-init[979]: ci-info: |   0   |  fe80::/64  |    ::   |   enp0s3  |   U   |
[   10.494586] cloud-init[979]: ci-info: |   3   |   ff00::/8  |    ::   |   enp0s3  |   U   |
[   10.494786] cloud-init[979]: ci-info: +-------+-------------+---------+-----------+-------+
[[0;32m  OK  [0m] Reached target Cloud-config availability.
[[0;32m  OK  [0m] Reached target Network is Online.
         Starting iSCSI initiator daemon (iscsid)...
[[0;32m  OK  [0m] Reached target System Initialization.
[[0;32m  OK  [0m] Started Daily Cleanup of Temporary Directories.
[[0;32m  OK  [0m] Started Daily apt download activities.
[[0;32m  OK  [0m] Listening on ACPID Listen Socket.
[[0;32m  OK  [0m] Started Ubuntu Advantage update messaging.
         Starting LXD - unix socket.
[[0;32m  OK  [0m] Started ACPI Events Check.
[[0;32m  OK  [0m] Reached target Paths.
[[0;32m  OK  [0m] Started Message of the Day.
[[0;32m  OK  [0m] Listening on UUID daemon activation socket.
[[0;32m  OK  [0m] Started Daily apt upgrade and clean activities.
[[0;32m  OK  [0m] Reached target Timers.
[[0;32m  OK  [0m] Listening on D-Bus System Message Bus Socket.
         Starting Socket activation for snappy daemon.
[[0;32m  OK  [0m] Listening on LXD - unix socket.
[[0;32m  OK  [0m] Listening on Socket activation for snappy daemon.
[[0;32m  OK  [0m] Reached target Sockets.
[[0;32m  OK  [0m] Reached target Basic System.
         Starting Accounts Service...
[[0;32m  OK  [0m] Started Regular background program processing daemon.
[[0;32m  OK  [0m] Started Deferred execution scheduler.
[[0;32m  OK  [0m] Started ACPI event daemon.
         Starting Ubuntu Advantage APT and MOTD Messages...
         Starting LSB: Record successful boot for GRUB...
         Starting /etc/rc.local Compatibility...
         Starting Login Service...
         Starting Message of the Day...
         Starting System Logging Service...
[[0;32m  OK  [0m] Started D-Bus System Message Bus.
         Starting LXD - container startup/shutdown...
         Starting OpenBSD Secure Shell server...
         Starting LSB: MD monitoring daemon...
         Starting Virtualbox guest utils...
[[0;32m  OK  [0m] Started FUSE filesystem for LXC.
         Starting Snap Daemon...
[[0;32m  OK  [0m] Started System Logging Service.
[[0;32m  OK  [0m] Started iSCSI initiator daemon (iscsid).
[[0;32m  OK  [0m] Started /etc/rc.local Compatibility.
[[0;32m  OK  [0m] Started Message of the Day.
[[0;32m  OK  [0m] Started Login Service.
[[0;32m  OK  [0m] Started Unattended Upgrades Shutdown.
         Starting Authenticate and Authorize Users to Run Privileged Tasks...
         Starting Login to default iSCSI targets...
[[0;32m  OK  [0m] Started LSB: MD monitoring daemon.
[[0;32m  OK  [0m] Started LSB: Record successful boot for GRUB.
[[0;32m  OK  [0m] Started Login to default iSCSI targets.
[[0;32m  OK  [0m] Started Authenticate and Authorize Users to Run Privileged Tasks.
[[0;32m  OK  [0m] Started Accounts Service.
[[0;32m  OK  [0m] Reached target Remote File Systems (Pre).
         Mounting /vagrant...
[[0;1;31mFAILED[0m] Failed to mount /vagrant.
See 'systemctl status vagrant.mount' for details.
[[0;1;33mDEPEND[0m] Dependency failed for Remote File Systems.
[[0;32m  OK  [0m] Started OpenBSD Secure Shell server.
         Starting LSB: Set the CPU Frequency Scaling governor to "ondemand"...
         Starting LSB: daemon to balance interrupts for SMP systems...
         Starting Permit User Sessions...
         Starting LSB: automatic crash report generation...
[[0;32m  OK  [0m] Started Permit User Sessions.
         Starting Hold until boot process finishes up...
         Starting Terminate Plymouth Boot Screen...
[[0;32m  OK  [0m] Started Hold until boot process finishes up.
         Starting Set console scheme...
[[0;32m  OK  [0m] Started Getty on tty1.
[[0;32m  OK  [0m] Started Serial Getty on ttyS0.
[[0;32m  OK  [0m] Reached target Login Prompts.
[[0;32m  OK  [0m] Started Set console scheme.
[[0;32m  OK  [0m] Started Terminate Plymouth Boot Screen.
[[0;32m  OK  [0m] Started LSB: Set the CPU Frequency Scaling governor to "ondemand".
[[0;32m  OK  [0m] Started LSB: daemon to balance interrupts for SMP systems.
[[0;32m  OK  [0m] Started LSB: automatic crash report generation.
[[0;32m  OK  [0m] Started LXD - container startup/shutdown.
[[0;32m  OK  [0m] Started Virtualbox guest utils.
[[0;32m  OK  [0m] Started Snap Daemon.
         Starting Wait until snapd is fully seeded...
[[0;32m  OK  [0m] Started Wait until snapd is fully seeded.
[[0;32m  OK  [0m] Reached target Multi-User System.
[[0;32m  OK  [0m] Reached target Graphical Interface.
         Starting Update UTMP about System Runlevel Changes...
         Starting Apply the settings specified in cloud-config...
[[0;32m  OK  [0m] Started Update UTMP about System Runlevel Changes.
[[0;32m  OK  [0m] Started Ubuntu Advantage APT and MOTD Messages.
[   11.987891] cloud-init[1259]: Cloud-init v. 21.1-19-gbad84ad4-0ubuntu1~16.04.2 running 'modules:config' at Mon, 20 Mar 2023 10:27:07 +0000. Up 11.87 seconds.
[[0;32m  OK  [0m] Started Apply the settings specified in cloud-config.
         Starting Execute cloud user/final scripts...
[   12.571249] cloud-init[1270]: Cloud-init v. 21.1-19-gbad84ad4-0ubuntu1~16.04.2 running 'modules:final' at Mon, 20 Mar 2023 10:27:07 +0000. Up 12.43 seconds.
[   12.580643] cloud-init[1270]: Cloud-init v. 21.1-19-gbad84ad4-0ubuntu1~16.04.2 finished at Mon, 20 Mar 2023 10:27:07 +0000. Datasource DataSourceNoCloud [seed=/dev/sdb][dsmode=net].  Up 12.56 seconds
[[0;32m  OK  [0m] Started Execute cloud user/final scripts.
[[0;32m  OK  [0m] Reached target Cloud-init target.

Ubuntu 16.04.7 LTS ubuntu-xenial ttyS0

ubuntu-xenial login: 